D, [2014-02-27T11:30:15.294453 #65010] DEBUG -- :   [1m[36m (0.9ms)[0m  [1mCREATE TABLE "schema_migrations" ("version" varchar(255) NOT NULL) [0m
D, [2014-02-27T11:30:15.295348 #65010] DEBUG -- :   [1m[35m (0.6ms)[0m  CREATE UNIQUE INDEX "unique_schema_migrations" ON "schema_migrations" ("version")
D, [2014-02-27T11:30:15.295875 #65010] DEBUG -- :   [1m[36mActiveRecord::SchemaMigration Load (0.1ms)[0m  [1mSELECT "schema_migrations".* FROM "schema_migrations"[0m
I, [2014-02-27T11:30:15.295931 #65010]  INFO -- : Migrating to CreatePlayers (0)
D, [2014-02-27T11:30:15.297391 #65010] DEBUG -- :   [1m[35m (0.0ms)[0m  begin transaction
D, [2014-02-27T11:30:15.298443 #65010] DEBUG -- :   [1m[36m (0.2ms)[0m  [1mCREATE TABLE "players" ("id" INTEGER PRIMARY KEY AUTOINCREMENT NOT NULL, "name" varchar(255), "created_at" datetime, "updated_at" datetime) [0m
D, [2014-02-27T11:30:15.303789 #65010] DEBUG -- :   [1m[35mSQL (0.1ms)[0m  INSERT INTO "schema_migrations" ("version") VALUES (?)  [["version", "0"]]
D, [2014-02-27T11:30:15.304604 #65010] DEBUG -- :   [1m[36m (0.7ms)[0m  [1mcommit transaction[0m
D, [2014-02-27T11:30:18.080444 #65011] DEBUG -- :   [1m[36mActiveRecord::SchemaMigration Load (0.1ms)[0m  [1mSELECT "schema_migrations".* FROM "schema_migrations"[0m
D, [2014-02-27T11:31:16.135889 #65014] DEBUG -- :   [1m[36mActiveRecord::SchemaMigration Load (0.1ms)[0m  [1mSELECT "schema_migrations".* FROM "schema_migrations"[0m
D, [2014-02-27T11:32:10.720693 #65019] DEBUG -- :   [1m[36m (3.0ms)[0m  [1mCREATE TABLE "schema_migrations" ("version" varchar(255) NOT NULL) [0m
D, [2014-02-27T11:32:10.721653 #65019] DEBUG -- :   [1m[35m (0.7ms)[0m  CREATE UNIQUE INDEX "unique_schema_migrations" ON "schema_migrations" ("version")
D, [2014-02-27T11:32:10.722214 #65019] DEBUG -- :   [1m[36mActiveRecord::SchemaMigration Load (0.1ms)[0m  [1mSELECT "schema_migrations".* FROM "schema_migrations"[0m
I, [2014-02-27T11:32:10.722273 #65019]  INFO -- : Migrating to CreatePlayers (0)
D, [2014-02-27T11:32:10.723867 #65019] DEBUG -- :   [1m[35m (0.0ms)[0m  begin transaction
D, [2014-02-27T11:32:10.724944 #65019] DEBUG -- :   [1m[36m (0.3ms)[0m  [1mCREATE TABLE "players" ("id" INTEGER PRIMARY KEY AUTOINCREMENT NOT NULL, "name" varchar(255), "created_at" datetime, "updated_at" datetime) [0m
D, [2014-02-27T11:32:10.729805 #65019] DEBUG -- :   [1m[35mSQL (0.1ms)[0m  INSERT INTO "schema_migrations" ("version") VALUES (?)  [["version", "0"]]
D, [2014-02-27T11:32:10.730533 #65019] DEBUG -- :   [1m[36m (0.6ms)[0m  [1mcommit transaction[0m
D, [2014-02-27T12:26:07.282438 #65928] DEBUG -- :   [1m[36mActiveRecord::SchemaMigration Load (0.1ms)[0m  [1mSELECT "schema_migrations".* FROM "schema_migrations"[0m
D, [2014-02-27T12:33:50.952826 #66266] DEBUG -- :   [1m[36mActiveRecord::SchemaMigration Load (0.1ms)[0m  [1mSELECT "schema_migrations".* FROM "schema_migrations"[0m
D, [2014-02-27T12:33:56.606248 #66268] DEBUG -- :   [1m[36m (2.0ms)[0m  [1mCREATE TABLE "schema_migrations" ("version" varchar(255) NOT NULL) [0m
D, [2014-02-27T12:33:56.607158 #66268] DEBUG -- :   [1m[35m (0.6ms)[0m  CREATE UNIQUE INDEX "unique_schema_migrations" ON "schema_migrations" ("version")
D, [2014-02-27T12:33:56.607669 #66268] DEBUG -- :   [1m[36mActiveRecord::SchemaMigration Load (0.1ms)[0m  [1mSELECT "schema_migrations".* FROM "schema_migrations"[0m
I, [2014-02-27T12:33:56.607728 #66268]  INFO -- : Migrating to CreatePlayers (0)
D, [2014-02-27T12:33:56.609360 #66268] DEBUG -- :   [1m[35m (0.1ms)[0m  begin transaction
D, [2014-02-27T12:33:56.610443 #66268] DEBUG -- :   [1m[36m (0.3ms)[0m  [1mCREATE TABLE "players" ("id" INTEGER PRIMARY KEY AUTOINCREMENT NOT NULL, "name" varchar(255), "created_at" datetime, "updated_at" datetime) [0m
D, [2014-02-27T12:33:56.615180 #66268] DEBUG -- :   [1m[35mSQL (0.1ms)[0m  INSERT INTO "schema_migrations" ("version") VALUES (?)  [["version", "0"]]
D, [2014-02-27T12:33:56.616370 #66268] DEBUG -- :   [1m[36m (1.1ms)[0m  [1mcommit transaction[0m
D, [2014-02-27T12:35:25.414984 #66281] DEBUG -- :   [1m[36m (1.8ms)[0m  [1mCREATE TABLE "schema_migrations" ("version" varchar(255) NOT NULL) [0m
D, [2014-02-27T12:35:25.415928 #66281] DEBUG -- :   [1m[35m (0.6ms)[0m  CREATE UNIQUE INDEX "unique_schema_migrations" ON "schema_migrations" ("version")
D, [2014-02-27T12:35:25.416619 #66281] DEBUG -- :   [1m[36mActiveRecord::SchemaMigration Load (0.1ms)[0m  [1mSELECT "schema_migrations".* FROM "schema_migrations"[0m
I, [2014-02-27T12:35:25.416693 #66281]  INFO -- : Migrating to CreatePlayers (0)
D, [2014-02-27T12:35:25.418568 #66281] DEBUG -- :   [1m[35m (0.1ms)[0m  begin transaction
D, [2014-02-27T12:35:25.419703 #66281] DEBUG -- :   [1m[36m (0.3ms)[0m  [1mCREATE TABLE "players" ("id" INTEGER PRIMARY KEY AUTOINCREMENT NOT NULL, "name" varchar(255), "created_at" datetime, "updated_at" datetime) [0m
D, [2014-02-27T12:35:25.424330 #66281] DEBUG -- :   [1m[35mSQL (0.1ms)[0m  INSERT INTO "schema_migrations" ("version") VALUES (?)  [["version", "0"]]
D, [2014-02-27T12:35:25.425174 #66281] DEBUG -- :   [1m[36m (0.7ms)[0m  [1mcommit transaction[0m
